[00:01:00] [Server thread/INFO]: [Superpro99871: Gamerule keepInventory is now set to: true]
[00:01:44] [Server thread/INFO]: siganconsumiendo has made the advancement [Acquire Hardware]
[00:02:34] [Server thread/INFO]: siganconsumiendo has made the advancement [Isn't It Iron Pick]
[00:03:23] [Server thread/INFO]: siganconsumiendo has made the advancement [Not Today, Thank You]
[00:03:30] [Server thread/INFO]: siganconsumiendo has made the advancement [Monster Hunter]
[00:03:39] [Server thread/INFO]: Superpro99871 drowned
[00:06:13] [Server thread/INFO]: siganconsumiendo has made the advancement [Suit Up]
[00:07:46] [Server thread/INFO]: Superpro99871 has made the advancement [Acquire Hardware]
[00:08:36] [Server thread/INFO]: Superpro99871 has made the advancement [Suit Up]
[00:08:59] [Server thread/INFO]: Superpro99871 has made the advancement [Isn't It Iron Pick]
[00:11:05] [Server thread/INFO]: Superpro99871 has made the advancement [Minecraft: Trial(s) Edition]
[00:12:09] [Server thread/INFO]: Superpro99871 has made the advancement [Not Today, Thank You]
[00:12:13] [Server thread/INFO]: Superpro99871 has made the advancement [Monster Hunter]
[00:18:56] [Server thread/INFO]: Superpro99871 has made the advancement [Diamonds!]
[00:24:31] [Server thread/INFO]: [Superpro99871: Set own game mode to Spectator Mode]
[00:25:34] [Server thread/INFO]: siganconsumiendo lost connection: Disconnected
[00:25:34] [Server thread/INFO]: siganconsumiendo left the game
[00:25:34] [Server thread/INFO]: [Superpro99871: Kicked siganconsumiendo: Kicked by an operator]
[00:25:34] [Server thread/WARN]: handleDisconnection() called twice
[00:25:40] [Server thread/INFO]: siganconsumiendo[/[0:0:0:0:0:0:0:1%0]:53972] logged in with entity id 13042 at (382.06401246015196, 110.0, -126.69999998807907)
[00:25:40] [Server thread/INFO]: siganconsumiendo joined the game
[00:25:41] [Server thread/INFO]: [Superpro99871: Gave 1 [Water Bucket] to Superpro99871]
[00:25:48] [Server thread/INFO]: [Superpro99871: Set own game mode to Survival Mode]
[00:28:34] [Server thread/INFO]: Superpro99871 has made the advancement [Cover Me with Diamonds]
[00:29:34] [Server thread/INFO]: Superpro99871 has made the advancement [Ice Bucket Challenge]
[00:30:23] [Server thread/INFO]: Superpro99871 has made the advancement [Hot Stuff]
[00:31:45] [Server thread/INFO]: Superpro99871 tried to swim in lava
[00:35:25] [Server thread/INFO]: siganconsumiendo fell from a high place
[00:35:56] [Server thread/INFO]: [Superpro99871: Gave 999999 experience points to Superpro99871]
[00:36:04] [Server thread/INFO]: Superpro99871 has made the advancement [Enchanter]
[00:39:52] [Server thread/INFO]: [Superpro99871: Kicked siganconsumiendo: Kicked by an operator]
[00:39:52] [Server thread/INFO]: siganconsumiendo lost connection: Kicked by an operator
[00:39:52] [Server thread/INFO]: siganconsumiendo left the game
[00:39:58] [Server thread/INFO]: siganconsumiendo[/[0:0:0:0:0:0:0:1%0]:43008] logged in with entity id 18445 at (-423.75073601566777, 79.0, 29.884674949046207)
[00:39:58] [Server thread/INFO]: siganconsumiendo joined the game
[00:40:57] [Server thread/INFO]: [Superpro99871: Gave 1 [Bow] to Superpro99871]
[00:41:28] [Server thread/INFO]: [Superpro99871: Set own game mode to Spectator Mode]
[00:41:33] [Server thread/INFO]: [Superpro99871: Teleported Superpro99871 to siganconsumiendo]
